<?xml version="1.0" encoding="UTF-8"?>
<testng-results ignored="0" total="1" passed="1" failed="0" skipped="0">
  <reporter-output>
  </reporter-output>
  <suite started-at="2022-08-01T03:54:21 IST" name="Default suite" finished-at="2022-08-01T03:54:34 IST" duration-ms="12880">
    <groups>
    </groups>
    <test started-at="2022-08-01T03:54:21 IST" name="Default test" finished-at="2022-08-01T03:54:34 IST" duration-ms="12880">
      <class name="FreeNowDemo.Login">
        <test-method is-config="true" signature="initialize()[pri:0, instance:FreeNowDemo.Login@bef2d72]" started-at="2022-08-01T03:54:21 IST" name="initialize" finished-at="2022-08-01T03:54:23 IST" duration-ms="1757" status="PASS">
          <reporter-output>
          </reporter-output>
        </test-method> <!-- initialize -->
        <test-method signature="login()[pri:0, instance:FreeNowDemo.Login@bef2d72]" started-at="2022-08-01T03:54:23 IST" name="login" finished-at="2022-08-01T03:54:34 IST" duration-ms="10892" status="PASS">
          <reporter-output>
          </reporter-output>
        </test-method> <!-- login -->
        <test-method is-config="true" signature="close()[pri:0, instance:FreeNowDemo.Login@bef2d72]" started-at="2022-08-01T03:54:34 IST" name="close" finished-at="2022-08-01T03:54:34 IST" duration-ms="187" status="PASS">
          <reporter-output>
          </reporter-output>
        </test-method> <!-- close -->
      </class> <!-- FreeNowDemo.Login -->
    </test> <!-- Default test -->
  </suite> <!-- Default suite -->
</testng-results>
